  http.cpp
C:\Users\ljg\Desktop\locust\client\packet.h(114,16): warning C4200: 使用了非标准扩展: 结构/联合中的零大小数组
C:\Users\ljg\Desktop\locust\client\packet.h(114,16): message : 默认构造函数或 copy/move 赋值运算符将忽略此成员
C:\Users\ljg\Desktop\locust\client\http.cpp(63,13): warning C4244: “参数”: 从“ULONGLONG”转换到“long”，可能丢失数据
C:\Users\ljg\Desktop\locust\client\http.cpp(180,105): warning C4267: “初始化”: 从“size_t”转换到“unsigned long”，可能丢失数据
C:\Users\ljg\Desktop\locust\client\http.cpp(186,34): warning C4267: “+=”: 从“size_t”转换到“unsigned long”，可能丢失数据
C:\Users\ljg\Desktop\locust\client\http.cpp(192,38): warning C4267: “+=”: 从“size_t”转换到“unsigned long”，可能丢失数据
C:\Users\ljg\Desktop\locust\client\http.cpp(308,13): warning C4018: “>”: 有符号/无符号不匹配
  https.cpp
C:\Users\ljg\Desktop\locust\client\packet.h(114,16): warning C4200: 使用了非标准扩展: 结构/联合中的零大小数组
C:\Users\ljg\Desktop\locust\client\packet.h(114,16): message : 默认构造函数或 copy/move 赋值运算符将忽略此成员
  main.cpp
C:\Users\ljg\Desktop\locust\client\packet.h(114,16): warning C4200: 使用了非标准扩展: 结构/联合中的零大小数组
C:\Users\ljg\Desktop\locust\client\packet.h(114,16): message : 默认构造函数或 copy/move 赋值运算符将忽略此成员
  packet.cpp
C:\Users\ljg\Desktop\locust\client\packet.h(114,16): warning C4200: 使用了非标准扩展: 结构/联合中的零大小数组
C:\Users\ljg\Desktop\locust\client\packet.h(114,16): message : 默认构造函数或 copy/move 赋值运算符将忽略此成员
  public.cpp
  uuid.cpp
C:\Users\ljg\Desktop\locust\client\uuid.cpp(156,52): warning C4267: “=”: 从“size_t”转换到“int”，可能丢失数据
C:\Users\ljg\Desktop\locust\client\uuid.cpp(166,27): warning C4267: “初始化”: 从“size_t”转换到“int”，可能丢失数据
C:\Users\ljg\Desktop\locust\client\uuid.cpp(221,10): warning C4200: 使用了非标准扩展: 结构/联合中的零大小数组
C:\Users\ljg\Desktop\locust\client\uuid.cpp(221,10): message : 默认构造函数或 copy/move 赋值运算符将忽略此成员
C:\Users\ljg\Desktop\locust\client\uuid.cpp(329,20): warning C4018: “<”: 有符号/无符号不匹配
  正在生成代码...
  client.vcxproj -> C:\Users\ljg\Desktop\locust\locust\x64\Debug\client.exe
