cl : 命令行 warning D9025: 正在重写“/analyze-”(用“/analyze:stacksize65536”)
  base64.cpp
C:\Users\ljg\locust_server\server\base64.cpp(76,57): warning C4267: “=”: 从“size_t”转换到“unsigned char”，可能丢失数据
C:\Users\ljg\locust_server\server\base64.cpp(100,56): warning C4267: “=”: 从“size_t”转换到“unsigned char”，可能丢失数据
  command.cpp
  dialog.cpp
C:\Users\ljg\locust_server\server\packet.h(136,7): warning C4200: 使用了非标准扩展: 结构/联合中的零大小数组
C:\Users\ljg\locust_server\server\packet.h(136,7): message : 默认构造函数或 copy/move 赋值运算符将忽略此成员
C:\Users\ljg\locust_server\server\dialog.cpp(108,19): warning C4002: 类函数宏的调用“CreateDialogA”参数过多
C:\Users\ljg\locust_server\server\dialog.cpp(200,20): warning C4018: “<”: 有符号/无符号不匹配
C:\Users\ljg\locust_server\server\dialog.cpp(220,19): warning C4018: “<”: 有符号/无符号不匹配
C:\Users\ljg\locust_server\server\dialog.cpp(243,20): warning C4018: “<”: 有符号/无符号不匹配
C:\Users\ljg\locust_server\server\dialog.cpp(295,19): warning C4018: “<”: 有符号/无符号不匹配
C:\Users\ljg\locust_server\server\dialog.cpp(297,20): warning C4018: “<”: 有符号/无符号不匹配
C:\Users\ljg\locust_server\server\dialog.cpp(304,23): warning C4018: “<”: 有符号/无符号不匹配
C:\Users\ljg\locust_server\server\dialog.cpp(338,20): warning C4018: “<”: 有符号/无符号不匹配
C:\Users\ljg\locust_server\server\dialog.cpp(341,21): warning C4018: “<”: 有符号/无符号不匹配
C:\Users\ljg\locust_server\server\dialog.cpp(271,8): warning C4101: “info”: 未引用的局部变量
  dlgCmd.cpp
C:\Users\ljg\locust_server\server\packet.h(136,7): warning C4200: 使用了非标准扩展: 结构/联合中的零大小数组
C:\Users\ljg\locust_server\server\packet.h(136,7): message : 默认构造函数或 copy/move 赋值运算符将忽略此成员
C:\Users\ljg\locust_server\server\dlgCmd.cpp(165,19): warning C4002: 类函数宏的调用“CreateDialogA”参数过多
  dlgFiles.cpp
C:\Users\ljg\locust_server\server\packet.h(136,7): warning C4200: 使用了非标准扩展: 结构/联合中的零大小数组
C:\Users\ljg\locust_server\server\packet.h(136,7): message : 默认构造函数或 copy/move 赋值运算符将忽略此成员
C:\Users\ljg\locust_server\server\dlgFiles.cpp(185,20): warning C4018: “<”: 有符号/无符号不匹配
C:\Users\ljg\locust_server\server\dlgFiles.cpp(237,21): warning C4018: “<”: 有符号/无符号不匹配
C:\Users\ljg\locust_server\server\dlgFiles.cpp(552,19): warning C4002: 类函数宏的调用“CreateDialogA”参数过多
  dlgOnline.cpp
C:\Users\ljg\locust_server\server\packet.h(136,7): warning C4200: 使用了非标准扩展: 结构/联合中的零大小数组
C:\Users\ljg\locust_server\server\packet.h(136,7): message : 默认构造函数或 copy/move 赋值运算符将忽略此成员
C:\Users\ljg\locust_server\server\dlgOnline.cpp(178,19): warning C4002: 类函数宏的调用“CreateDialogA”参数过多
  dlgRename.cpp
C:\Users\ljg\locust_server\server\packet.h(136,7): warning C4200: 使用了非标准扩展: 结构/联合中的零大小数组
C:\Users\ljg\locust_server\server\packet.h(136,7): message : 默认构造函数或 copy/move 赋值运算符将忽略此成员
C:\Users\ljg\locust_server\server\dlgRename.cpp(153,19): warning C4002: 类函数宏的调用“CreateDialogA”参数过多
  dlgUpload.cpp
C:\Users\ljg\locust_server\server\packet.h(136,7): warning C4200: 使用了非标准扩展: 结构/联合中的零大小数组
C:\Users\ljg\locust_server\server\packet.h(136,7): message : 默认构造函数或 copy/move 赋值运算符将忽略此成员
C:\Users\ljg\locust_server\server\dlgUpload.cpp(219,19): warning C4002: 类函数宏的调用“CreateDialogA”参数过多
  FileHelper.cpp
  dlgHeartbeat.cpp
C:\Users\ljg\locust_server\server\packet.h(136,7): warning C4200: 使用了非标准扩展: 结构/联合中的零大小数组
C:\Users\ljg\locust_server\server\packet.h(136,7): message : 默认构造函数或 copy/move 赋值运算符将忽略此成员
C:\Users\ljg\locust_server\server\dlgHeartbeat.cpp(136,19): warning C4002: 类函数宏的调用“CreateDialogA”参数过多
  http.cpp
C:\Users\ljg\locust_server\server\packet.h(136,7): warning C4200: 使用了非标准扩展: 结构/联合中的零大小数组
C:\Users\ljg\locust_server\server\packet.h(136,7): message : 默认构造函数或 copy/move 赋值运算符将忽略此成员
C:\Users\ljg\locust_server\server\http.cpp(328,14): warning C4018: “>”: 有符号/无符号不匹配
C:\Users\ljg\locust_server\server\http.cpp(365,21): warning C4018: “<”: 有符号/无符号不匹配
  https.cpp
C:\Users\ljg\locust_server\server\packet.h(136,7): warning C4200: 使用了非标准扩展: 结构/联合中的零大小数组
C:\Users\ljg\locust_server\server\packet.h(136,7): message : 默认构造函数或 copy/move 赋值运算符将忽略此成员
C:\Users\ljg\locust_server\server\https.cpp(211,16): warning C4018: “>”: 有符号/无符号不匹配
C:\Users\ljg\locust_server\server\https.cpp(248,22): warning C4018: “<”: 有符号/无符号不匹配
  main.cpp
C:\Users\ljg\locust_server\server\packet.h(136,7): warning C4200: 使用了非标准扩展: 结构/联合中的零大小数组
C:\Users\ljg\locust_server\server\packet.h(136,7): message : 默认构造函数或 copy/move 赋值运算符将忽略此成员
C:\Users\ljg\locust_server\server\main.cpp(271,16): warning C4101: “dlgex”: 未引用的局部变量
  packet.cpp
C:\Users\ljg\locust_server\server\packet.h(136,7): warning C4200: 使用了非标准扩展: 结构/联合中的零大小数组
C:\Users\ljg\locust_server\server\packet.h(136,7): message : 默认构造函数或 copy/move 赋值运算符将忽略此成员
  public.cpp
  shell.cpp
  mission.cpp
C:\Users\ljg\locust_server\server\packet.h(136,7): warning C4200: 使用了非标准扩展: 结构/联合中的零大小数组
C:\Users\ljg\locust_server\server\packet.h(136,7): message : 默认构造函数或 copy/move 赋值运算符将忽略此成员
  utils.cpp
  uuid.cpp
C:\Users\ljg\locust_server\server\uuid.cpp(221,10): warning C4200: 使用了非标准扩展: 结构/联合中的零大小数组
C:\Users\ljg\locust_server\server\uuid.cpp(221,10): message : 默认构造函数或 copy/move 赋值运算符将忽略此成员
C:\Users\ljg\locust_server\server\uuid.cpp(329,20): warning C4018: “<”: 有符号/无符号不匹配
  zip.cpp
  正在运行 C/C++ 代码分析...
C:\Users\ljg\locust_server\server\zip.cpp(850): warning C6385: 从“state.ts.bl_count”中读取的数据无效: 可读大小为“32”个字节，但可能读取了“-2”个字节。: Lines: 806, 807, 808, 809, 810, 811, 812, 813, 814, 815, 816, 817, 819, 824, 826, 827, 828, 829, 830, 833, 835, 836, 837, 838, 839, 840, 826, 842, 844, 849, 850
C:\Users\ljg\locust_server\server\zip.cpp(866): warning C6385: 从“state.ts.bl_count”中读取的数据无效: 可读大小为“32”个字节，但可能读取了“bits”个字节。: Lines: 806, 807, 808, 809, 810, 811, 812, 813, 814, 815, 816, 817, 819, 824, 826, 827, 828, 829, 830, 833, 835, 836, 837, 838, 839, 840, 826, 842, 844, 849, 850, 851, 852, 853, 857, 858, 865, 866
C:\Users\ljg\locust_server\server\zip.cpp(1269): warning C6385: 从“state.ts.length_code”中读取的数据无效: 可读大小为“256”个字节，但可能读取了“lc”个字节。: Lines: 1258, 1259, 1264, 1265, 1269
C:\Users\ljg\locust_server\server\zip.cpp(1338): warning C6385: 从“extra_dbits”中读取的数据无效: 可读大小为“120”个字节，但可能读取了“code”个字节。: Lines: 1309, 1310, 1311, 1312, 1313, 1314, 1315, 1316, 1318, 1319, 1320, 1321, 1325, 1326, 1327, 1328, 1332, 1334, 1335, 1337, 1338
C:\Users\ljg\locust_server\server\zip.cpp(1340): warning C6385: 从“state.ts.base_dist”中读取的数据无效: 可读大小为“120”个字节，但可能读取了“code”个字节。: Lines: 1309, 1310, 1311, 1312, 1313, 1314, 1315, 1316, 1318, 1319, 1320, 1321, 1325, 1326, 1327, 1328, 1332, 1334, 1335, 1337, 1338, 1339, 1340
C:\Users\ljg\locust_server\server\zip.cpp(1595): warning C6326: 可能会对两个常量进行比较。
C:\Users\ljg\locust_server\server\zip.cpp(1595): warning C6326: 可能会对两个常量进行比较。
C:\Users\ljg\locust_server\server\zip.cpp(1827): warning C6326: 可能会对两个常量进行比较。
C:\Users\ljg\locust_server\server\zip.cpp(2192): warning C6031: 返回值被忽略: “ReadFile”。
C:\Users\ljg\locust_server\server\zip.cpp(2193): warning C6031: 返回值被忽略: “ReadFile”。
C:\Users\ljg\locust_server\server\zip.cpp(2195): warning C6031: 返回值被忽略: “ReadFile”。
C:\Users\ljg\locust_server\server\zip.cpp(2425): warning C6246: “res”的局部声明遮蔽了外部作用域中具有相同名称的声明。有关其他信息，请参见此前位于“2423”行(“c:\users\ljg\locust_server\server\zip.cpp”中)的声明。: Lines: 2423
C:\Users\ljg\locust_server\server\zip.cpp(2650): warning C28159: 考虑使用“GetTickCount64”而不是“GetTickCount”。原因: GetTickCount overflows roughly every 49 days.  Code that does not take that into account can loop indefinitely.  GetTickCount64 operates on 64 bit values and does not have that problem
C:\Users\ljg\locust_server\server\uuid.cpp(333): warning C6340: 符号不匹配: 已将“unsigned char”作为 _Param_(2) 传递，但需要使用一些 signed 类型来调用“printf”。
C:\Users\ljg\locust_server\server\uuid.cpp(339): warning C6340: 符号不匹配: 已将“unsigned char”作为 _Param_(2) 传递，但需要使用一些 signed 类型来调用“printf”。
C:\Users\ljg\locust_server\server\uuid.cpp(339): warning C6340: 符号不匹配: 已将“unsigned char”作为 _Param_(3) 传递，但需要使用一些 signed 类型来调用“printf”。
C:\Users\ljg\locust_server\server\uuid.cpp(346): warning C6340: 符号不匹配: 已将“unsigned char”作为 _Param_(2) 传递，但需要使用一些 signed 类型来调用“printf”。
C:\Users\ljg\locust_server\server\mission.cpp(237): warning C6246: “backsize”的局部声明遮蔽了外部作用域中具有相同名称的声明。有关其他信息，请参见此前位于“226”行(“c:\users\ljg\locust_server\server\mission.cpp”中)的声明。: Lines: 226
C:\Users\ljg\locust_server\server\packet.cpp(43): warning C6340: 符号不匹配: 已将“unsigned short”作为 _Param_(3) 传递，但需要使用一些 signed 类型来调用“wsprintfA”。
C:\Users\ljg\locust_server\server\packet.cpp(43): warning C6340: 符号不匹配: 已将“unsigned short”作为 _Param_(4) 传递，但需要使用一些 signed 类型来调用“wsprintfA”。
C:\Users\ljg\locust_server\server\packet.cpp(43): warning C6340: 符号不匹配: 已将“unsigned short”作为 _Param_(5) 传递，但需要使用一些 signed 类型来调用“wsprintfA”。
C:\Users\ljg\locust_server\server\packet.cpp(43): warning C6340: 符号不匹配: 已将“unsigned short”作为 _Param_(6) 传递，但需要使用一些 signed 类型来调用“wsprintfA”。
C:\Users\ljg\locust_server\server\packet.cpp(43): warning C6340: 符号不匹配: 已将“unsigned short”作为 _Param_(7) 传递，但需要使用一些 signed 类型来调用“wsprintfA”。
C:\Users\ljg\locust_server\server\packet.cpp(43): warning C6340: 符号不匹配: 已将“unsigned short”作为 _Param_(8) 传递，但需要使用一些 signed 类型来调用“wsprintfA”。
C:\Users\ljg\locust_server\server\packet.cpp(43): warning C6340: 符号不匹配: 已将“unsigned short”作为 _Param_(9) 传递，但需要使用一些 signed 类型来调用“wsprintfA”。
C:\Users\ljg\locust_server\server\packet.cpp(75): warning C6340: 符号不匹配: 已将“unsigned short”作为 _Param_(3) 传递，但需要使用一些 signed 类型来调用“wsprintfA”。
C:\Users\ljg\locust_server\server\packet.cpp(75): warning C6340: 符号不匹配: 已将“unsigned short”作为 _Param_(4) 传递，但需要使用一些 signed 类型来调用“wsprintfA”。
C:\Users\ljg\locust_server\server\packet.cpp(75): warning C6340: 符号不匹配: 已将“unsigned short”作为 _Param_(5) 传递，但需要使用一些 signed 类型来调用“wsprintfA”。
C:\Users\ljg\locust_server\server\packet.cpp(75): warning C6340: 符号不匹配: 已将“unsigned short”作为 _Param_(6) 传递，但需要使用一些 signed 类型来调用“wsprintfA”。
C:\Users\ljg\locust_server\server\packet.cpp(75): warning C6340: 符号不匹配: 已将“unsigned short”作为 _Param_(7) 传递，但需要使用一些 signed 类型来调用“wsprintfA”。
C:\Users\ljg\locust_server\server\packet.cpp(75): warning C6340: 符号不匹配: 已将“unsigned short”作为 _Param_(8) 传递，但需要使用一些 signed 类型来调用“wsprintfA”。
C:\Users\ljg\locust_server\server\packet.cpp(75): warning C6340: 符号不匹配: 已将“unsigned short”作为 _Param_(9) 传递，但需要使用一些 signed 类型来调用“wsprintfA”。
C:\Users\ljg\locust_server\server\dlgFiles.cpp(450): warning C6054: 可能没有为字符串“data”添加字符串零终止符。: Lines: 406, 410, 412, 413, 414, 415, 416, 427, 441, 443, 444, 445, 446, 448, 449, 450
C:\Users\ljg\locust_server\server\dialog.cpp(420): warning C6246: “ret”的局部声明遮蔽了外部作用域中具有相同名称的声明。有关其他信息，请参见此前位于“417”行(“c:\users\ljg\locust_server\server\dialog.cpp”中)的声明。: Lines: 417
C:\Users\ljg\locust_server\server\dialog.cpp(449): warning C6246: “ret”的局部声明遮蔽了外部作用域中具有相同名称的声明。有关其他信息，请参见此前位于“445”行(“c:\users\ljg\locust_server\server\dialog.cpp”中)的声明。: Lines: 445
C:\Users\ljg\locust_server\server\dialog.cpp(477): warning C6246: “ret”的局部声明遮蔽了外部作用域中具有相同名称的声明。有关其他信息，请参见此前位于“474”行(“c:\users\ljg\locust_server\server\dialog.cpp”中)的声明。: Lines: 474
C:\Users\ljg\locust_server\server\dialog.cpp(498): warning C6246: “hwnd”的局部声明遮蔽了外部作用域中具有相同名称的声明。有关其他信息，请参见此前位于“379”行(“c:\users\ljg\locust_server\server\dialog.cpp”中)的声明。: Lines: 379
cl : 命令行 warning D9025: 正在重写“/analyze-”(用“/analyze:stacksize65536”)
  md5.c
  正在生成代码
  Previous IPDB not found, fall back to full compilation.
  All 763 functions were compiled because no usable IPDB/IOBJ from previous compilation was found.
  已完成代码的生成
  server.vcxproj -> C:\Users\ljg\locust_server\locust\Release\server.exe
