17:19: 2 11/ 8/2023 object: download file:
17:20:16 11/ 8/2023 object: download file:
17:41: 9 11/ 8/2023 object: download file:
17:41:43 11/ 8/2023 object:660D4D562AB53DFA116B64FFADB0A500 run cmd:DIR
10: 5:40 11/10/2023 object:660D4D562AB53DFA116B64FFADB0A500 download file:込 込.txt
10:17: 8 11/10/2023 object:660D4D562AB53DFA116B64FFADB0A500 run cmd:dir c:\
10:18: 7 11/10/2023 object:660D4D562AB53DFA116B64FFADB0A500 run cmd:dir c:\
10:19: 8 11/10/2023 object:660D4D562AB53DFA116B64FFADB0A500 run cmd:dir c:\
10:20:26 11/10/2023 object:660D4D562AB53DFA116B64FFADB0A500 run cmd:dir c:\
10:26:46 11/10/2023 object:660D4D562AB53DFA116B64FFADB0A500 run cmd:ping www.baidu.com
10:29:34 11/10/2023 object:660D4D562AB53DFA116B64FFADB0A500 run cmd:dir c:
10:30:20 11/10/2023 object:660D4D562AB53DFA116B64FFADB0A500 run cmd:dir c:
10:30:27 11/10/2023 object:660D4D562AB53DFA116B64FFADB0A500 run cmd:dir c:
10:36:15 11/10/2023 object:660D4D562AB53DFA116B64FFADB0A500 run cmd:dir c:
10:36:28 11/10/2023 object:660D4D562AB53DFA116B64FFADB0A500 run cmd:ping www.sina.com
10:36:48 11/10/2023 object:660D4D562AB53DFA116B64FFADB0A500 run cmd:ping www.sina.com
10:37: 2 11/10/2023 object:660D4D562AB53DFA116B64FFADB0A500 run cmd:dir d:\
10:37:10 11/10/2023 object:660D4D562AB53DFA116B64FFADB0A500 run cmd:dir d:\
10:43:59 11/10/2023 object:660D4D562AB53DFA116B64FFADB0A500 run cmd:dir d:\
10:44:16 11/10/2023 object:660D4D562AB53DFA116B64FFADB0A500 run cmd:dir c:\
10:44:54 11/10/2023 object:660D4D562AB53DFA116B64FFADB0A500 run cmd:ping www.baidu.com
10:45: 3 11/10/2023 object:660D4D562AB53DFA116B64FFADB0A500 run cmd:ping www.baidu.com
10:45:36 11/10/2023 object:660D4D562AB53DFA116B64FFADB0A500 run cmd:dir c:\
10:46:18 11/10/2023 object:660D4D562AB53DFA116B64FFADB0A500 run cmd:dir c:\
10:49:41 11/10/2023 object:660D4D562AB53DFA116B64FFADB0A500 run cmd:dir c:\
10:52: 7 11/10/2023 object:660D4D562AB53DFA116B64FFADB0A500 run cmd:dir c:\
10:54:18 11/10/2023 object:660D4D562AB53DFA116B64FFADB0A500 run cmd:dir c:\
10:54:54 11/10/2023 object:660D4D562AB53DFA116B64FFADB0A500 run cmd:ping www.sina.com
10:58:26 11/10/2023 object:660D4D562AB53DFA116B64FFADB0A500 run cmd:ping www.sina.com
10:59: 5 11/10/2023 object:660D4D562AB53DFA116B64FFADB0A500 run cmd:dir c:
10:59:18 11/10/2023 object:660D4D562AB53DFA116B64FFADB0A500 run cmd:dir c:\users
11: 5:17 11/10/2023 object:660D4D562AB53DFA116B64FFADB0A500 delete file:C:\Users\ljg\込 込.txt
11: 6:46 11/10/2023 object:660D4D562AB53DFA116B64FFADB0A500 rename file:C:\Users\ljg\sanct.log to file:C:\Users\ljg\1234.dat
11:35:11 11/10/2023 object:660D4D562AB53DFA116B64FFADB0A500 run cmd:dir c:\
15: 8:41 11/10/2023 object:660D4D562AB53DFA116B64FFADB0A500 rename file:C:\Users\ljg\111.txt to file:C:\Users\ljg\mytest.abc
15: 9: 1 11/10/2023 object:660D4D562AB53DFA116B64FFADB0A500 download file:D:\
15:45:34 11/10/2023 object:660D4D562AB53DFA116B64FFADB0A500 download file:D:\
15:47:38 11/10/2023 object:660D4D562AB53DFA116B64FFADB0A500 download file:hh.exe
16:57: 1 11/10/2023 object:660D4D562AB53DFA116B64FFADB0A500 delete file:C:\Users\ljg\sanct.log
16:50:14 11/21/2023 all host datasize:0
16:50:20 11/21/2023 all host datasize:0
16:50:21 11/21/2023 all host datasize:0
16:50:26 11/21/2023 all host datasize:0
16:50:27 11/21/2023 all host datasize:0
16:52: 2 11/21/2023 all host datasize:0
16:52:18 11/21/2023 all host datasize:0
