  dlgFiles.cpp
C:\Users\ljg\locust_server\server\packet.h(138,16): warning C4200: 使用了非标准扩展: 结构/联合中的零大小数组
C:\Users\ljg\locust_server\server\packet.h(138,16): message : 默认构造函数或 copy/move 赋值运算符将忽略此成员
C:\Users\ljg\locust_server\server\packet.h(148,16): warning C4200: 使用了非标准扩展: 结构/联合中的零大小数组
C:\Users\ljg\locust_server\server\packet.h(148,16): message : 默认构造函数或 copy/move 赋值运算符将忽略此成员
C:\Users\ljg\locust_server\server\packet.h(156,7): warning C4200: 使用了非标准扩展: 结构/联合中的零大小数组
C:\Users\ljg\locust_server\server\packet.h(156,7): message : 默认构造函数或 copy/move 赋值运算符将忽略此成员
C:\Users\ljg\locust_server\server\dlgFiles.cpp(161,22): warning C4244: “=”: 从“LRESULT”转换到“int”，可能丢失数据
C:\Users\ljg\locust_server\server\dlgFiles.cpp(174,22): warning C4244: “=”: 从“LRESULT”转换到“int”，可能丢失数据
C:\Users\ljg\locust_server\server\dlgFiles.cpp(197,70): warning C4267: “参数”: 从“size_t”转换到“int”，可能丢失数据
C:\Users\ljg\locust_server\server\dlgFiles.cpp(199,85): warning C4267: “参数”: 从“size_t”转换到“int”，可能丢失数据
C:\Users\ljg\locust_server\server\dlgFiles.cpp(250,21): warning C4244: “=”: 从“LRESULT”转换到“int”，可能丢失数据
C:\Users\ljg\locust_server\server\dlgFiles.cpp(254,22): warning C4244: “=”: 从“LRESULT”转换到“int”，可能丢失数据
C:\Users\ljg\locust_server\server\dlgFiles.cpp(263,71): warning C4267: “参数”: 从“size_t”转换到“int”，可能丢失数据
C:\Users\ljg\locust_server\server\dlgFiles.cpp(265,87): warning C4267: “参数”: 从“size_t”转换到“int”，可能丢失数据
C:\Users\ljg\locust_server\server\dlgFiles.cpp(316,21): warning C4244: “=”: 从“LRESULT”转换到“int”，可能丢失数据
C:\Users\ljg\locust_server\server\dlgFiles.cpp(337,22): warning C4244: “=”: 从“LRESULT”转换到“int”，可能丢失数据
C:\Users\ljg\locust_server\server\dlgFiles.cpp(396,10): warning C4244: “初始化”: 从“WPARAM”转换到“int”，可能丢失数据
C:\Users\ljg\locust_server\server\dlgFiles.cpp(398,10): warning C4244: “初始化”: 从“LPARAM”转换到“int”，可能丢失数据
C:\Users\ljg\locust_server\server\dlgFiles.cpp(409,16): warning C4244: “初始化”: 从“LRESULT”转换到“DWORD”，可能丢失数据
C:\Users\ljg\locust_server\server\dlgFiles.cpp(411,12): warning C4244: “初始化”: 从“LRESULT”转换到“int”，可能丢失数据
C:\Users\ljg\locust_server\server\dlgFiles.cpp(422,16): warning C4244: “初始化”: 从“LRESULT”转换到“DWORD”，可能丢失数据
C:\Users\ljg\locust_server\server\dlgFiles.cpp(424,12): warning C4244: “初始化”: 从“LRESULT”转换到“int”，可能丢失数据
C:\Users\ljg\locust_server\server\dlgFiles.cpp(436,16): warning C4244: “初始化”: 从“LRESULT”转换到“DWORD”，可能丢失数据
C:\Users\ljg\locust_server\server\dlgFiles.cpp(438,12): warning C4244: “初始化”: 从“LRESULT”转换到“int”，可能丢失数据
C:\Users\ljg\locust_server\server\dlgFiles.cpp(449,16): warning C4244: “初始化”: 从“LRESULT”转换到“DWORD”，可能丢失数据
C:\Users\ljg\locust_server\server\dlgFiles.cpp(451,12): warning C4244: “初始化”: 从“LRESULT”转换到“int”，可能丢失数据
C:\Users\ljg\locust_server\server\dlgFiles.cpp(462,10): warning C4244: “初始化”: 从“WPARAM”转换到“int”，可能丢失数据
C:\Users\ljg\locust_server\server\dlgFiles.cpp(464,10): warning C4244: “初始化”: 从“LPARAM”转换到“int”，可能丢失数据
C:\Users\ljg\locust_server\server\dlgFiles.cpp(518,24): warning C4244: “return”: 从“LRESULT”转换到“int”，可能丢失数据
C:\Users\ljg\locust_server\server\dlgFiles.cpp(525,19): warning C4002: 类函数宏的调用“CreateDialogA”参数过多
C:\Users\ljg\locust_server\server\dlgFiles.cpp(538,25): warning C4244: “=”: 从“LONG_PTR”转换到“int”，可能丢失数据
  server.vcxproj -> C:\Users\ljg\locust_server\locust\x64\Debug\server.exe
