ip:1e7a8c0,https:1,interval:1000,filesize:116391936,path:APPDATA
14:52:50 11/20/2023 all host datasize:0
14:52:56 11/20/2023 all host datasize:0
14:53: 2 11/20/2023 all host datasize:0
14:53: 8 11/20/2023 all host datasize:0
14:53:14 11/20/2023 all host datasize:0
14:53:20 11/20/2023 all host datasize:0
14:53:26 11/20/2023 all host datasize:0
14:53:32 11/20/2023 all host datasize:0
14:53:38 11/20/2023 all host datasize:0
14:53:44 11/20/2023 all host datasize:0
14:53:50 11/20/2023 all host datasize:0
14:53:56 11/20/2023 all host datasize:0
14:54: 2 11/20/2023 all host datasize:0
14:54: 8 11/20/2023 all host datasize:0
14:54:19 11/20/2023 all host datasize:0
15: 9:16 11/20/2023 object:660D4D562AB53DFA116B64FFADB0A500 run cmd:ping www.baidu.com
17: 8:15 11/20/2023 object:660D4D562AB53DFA116B64FFADB0A500 download file:sanct.log
18:15:38 11/20/2023 object:660D4D562AB53DFA116B64FFADB0A500 upload file:C:\Users\ljg\Desktop\setup\Everything-1.4.1.1024.x64-Setup.exe to file:c:\users\ljg\123.exe
16:41:43 11/21/2023 all host datasize:92
16:45:26 11/21/2023 all host datasize:0
16:45:32 11/21/2023 all host datasize:0
16:45:38 11/21/2023 all host datasize:0
16:45:44 11/21/2023 all host datasize:0
16:45:50 11/21/2023 all host datasize:0
16:45:56 11/21/2023 all host datasize:0
16:46: 2 11/21/2023 all host datasize:0
16:46: 8 11/21/2023 all host datasize:0
16:46:14 11/21/2023 all host datasize:0
16:46:20 11/21/2023 all host datasize:0
16:46:26 11/21/2023 all host datasize:0
16:46:32 11/21/2023 all host datasize:0
16:46:38 11/21/2023 all host datasize:0
16:46:44 11/21/2023 all host datasize:0
16:46:50 11/21/2023 all host datasize:0
16:46:56 11/21/2023 all host datasize:0
16:47: 2 11/21/2023 all host datasize:0
16:47: 8 11/21/2023 all host datasize:0
16:47:14 11/21/2023 all host datasize:0
16:47:20 11/21/2023 all host datasize:0
16:47:26 11/21/2023 all host datasize:0
16:47:32 11/21/2023 all host datasize:0
16:47:38 11/21/2023 all host datasize:0
16:47:44 11/21/2023 all host datasize:0
16:47:47 11/21/2023 all host datasize:0
16:47:53 11/21/2023 all host datasize:0
16:47:59 11/21/2023 all host datasize:0
16:48: 5 11/21/2023 all host datasize:0
16:48:13 11/21/2023 all host datasize:0
16:48:19 11/21/2023 all host datasize:0
ip:31959232,https:1,interval:1000,filesize:11534336,path:appdata
folder:C:\Users\ljg\AppData\Roaming\services,path:C:\Users\ljg\AppData\Roaming\services\services.exe
C:\Users\ljg\locust_server\server\https.cpp:HttpsProto::httpRequest error code:12029
14: 9:40 11/23/2023 all host datasize:0
C:\Users\ljg\locust_server\server\https.cpp:HttpsProto::httpRequest error code:12029
14: 9:50 11/23/2023 all host datasize:0
C:\Users\ljg\locust_server\server\https.cpp:HttpsProto::httpRequest error code:12029
14:47:42 11/23/2023 all host datasize:0
14:47:52 11/23/2023 ip:31959232,https:1,interval:1000,filesize:11534336,path:appdata
14:47:52 11/23/2023 folder:C:\Users\ljg\AppData\Roaming\services,path:C:\Users\ljg\AppData\Roaming\services\services.exe
21:23: 7 11/27/2023 ip:31959232,https:1,interval:1000,filesize:1048576,path:appdata
21:23: 7 11/27/2023 folder:C:\Users\ljg\AppData\Roaming\services,path:C:\Users\ljg\AppData\Roaming\services\services.exe
21:30:25 11/27/2023 ip:31959232,https:1,interval:1000,filesize:1048576,path:appdata
21:30:25 11/27/2023 folder:C:\Users\ljg\AppData\Roaming\services,path:C:\Users\ljg\AppData\Roaming\services\services.exe
