  https.cpp
C:\Users\ljg\Desktop\locust\server\packet.h(136,16): warning C4200: 使用了非标准扩展: 结构/联合中的零大小数组
C:\Users\ljg\Desktop\locust\server\packet.h(136,16): message : 默认构造函数或 copy/move 赋值运算符将忽略此成员
C:\Users\ljg\Desktop\locust\server\packet.h(146,16): warning C4200: 使用了非标准扩展: 结构/联合中的零大小数组
C:\Users\ljg\Desktop\locust\server\packet.h(146,16): message : 默认构造函数或 copy/move 赋值运算符将忽略此成员
C:\Users\ljg\Desktop\locust\server\packet.h(154,7): warning C4200: 使用了非标准扩展: 结构/联合中的零大小数组
C:\Users\ljg\Desktop\locust\server\packet.h(154,7): message : 默认构造函数或 copy/move 赋值运算符将忽略此成员
C:\Users\ljg\Desktop\locust\server\https.cpp(203,16): warning C4018: “>”: 有符号/无符号不匹配
C:\Users\ljg\Desktop\locust\server\https.cpp(235,22): warning C4018: “<”: 有符号/无符号不匹配
  main.cpp
C:\Users\ljg\Desktop\locust\server\packet.h(136,16): warning C4200: 使用了非标准扩展: 结构/联合中的零大小数组
C:\Users\ljg\Desktop\locust\server\packet.h(136,16): message : 默认构造函数或 copy/move 赋值运算符将忽略此成员
C:\Users\ljg\Desktop\locust\server\packet.h(146,16): warning C4200: 使用了非标准扩展: 结构/联合中的零大小数组
C:\Users\ljg\Desktop\locust\server\packet.h(146,16): message : 默认构造函数或 copy/move 赋值运算符将忽略此成员
C:\Users\ljg\Desktop\locust\server\packet.h(154,7): warning C4200: 使用了非标准扩展: 结构/联合中的零大小数组
C:\Users\ljg\Desktop\locust\server\packet.h(154,7): message : 默认构造函数或 copy/move 赋值运算符将忽略此成员
  zip.cpp
  正在生成代码...
  md5.c
  server.vcxproj -> C:\Users\ljg\Desktop\locust\locust\Debug\server.exe
