  base64.cpp
C:\Users\ljg\locust_server\client\base64.cpp(76,57): warning C4267: “=”: 从“size_t”转换到“unsigned char”，可能丢失数据
C:\Users\ljg\locust_server\client\base64.cpp(100,56): warning C4267: “=”: 从“size_t”转换到“unsigned char”，可能丢失数据
  command.cpp
  FileHelper.cpp
  http.cpp
C:\Users\ljg\locust_server\client\packet.h(114,16): warning C4200: 使用了非标准扩展: 结构/联合中的零大小数组
C:\Users\ljg\locust_server\client\packet.h(114,16): message : 默认构造函数或 copy/move 赋值运算符将忽略此成员
C:\Users\ljg\locust_server\client\http.cpp(63,13): warning C4244: “参数”: 从“ULONGLONG”转换到“long”，可能丢失数据
C:\Users\ljg\locust_server\client\http.cpp(308,13): warning C4018: “>”: 有符号/无符号不匹配
  https.cpp
C:\Users\ljg\locust_server\client\packet.h(114,16): warning C4200: 使用了非标准扩展: 结构/联合中的零大小数组
C:\Users\ljg\locust_server\client\packet.h(114,16): message : 默认构造函数或 copy/move 赋值运算符将忽略此成员
  main.cpp
C:\Users\ljg\locust_server\client\packet.h(114,16): warning C4200: 使用了非标准扩展: 结构/联合中的零大小数组
C:\Users\ljg\locust_server\client\packet.h(114,16): message : 默认构造函数或 copy/move 赋值运算符将忽略此成员
  packet.cpp
C:\Users\ljg\locust_server\client\packet.h(114,16): warning C4200: 使用了非标准扩展: 结构/联合中的零大小数组
C:\Users\ljg\locust_server\client\packet.h(114,16): message : 默认构造函数或 copy/move 赋值运算符将忽略此成员
  public.cpp
  shell.cpp
  utils.cpp
  uuid.cpp
C:\Users\ljg\locust_server\client\uuid.cpp(221,10): warning C4200: 使用了非标准扩展: 结构/联合中的零大小数组
C:\Users\ljg\locust_server\client\uuid.cpp(221,10): message : 默认构造函数或 copy/move 赋值运算符将忽略此成员
C:\Users\ljg\locust_server\client\uuid.cpp(329,20): warning C4018: “<”: 有符号/无符号不匹配
  zip.cpp
  md5.c
  正在生成代码
  Previous IPDB not found, fall back to full compilation.
  All 184 functions were compiled because no usable IPDB/IOBJ from previous compilation was found.
  已完成代码的生成
  client.vcxproj -> C:\Users\ljg\locust_server\locust\Release\client.exe
